2017/04/05 11:27:41 INFO  - jmeter.util.JMeterUtils: Setting Locale to en_US 
2017/04/05 11:27:41 INFO  - jmeter.JMeter: Loading user properties from: /var/lib/apache-jmeter-3.1/bin/user.properties 
2017/04/05 11:27:41 INFO  - jmeter.JMeter: Loading system properties from: /var/lib/apache-jmeter-3.1/bin/system.properties 
2017/04/05 11:27:41 INFO  - jmeter.JMeter: Copyright (c) 1998-2016 The Apache Software Foundation 
2017/04/05 11:27:41 INFO  - jmeter.JMeter: Version 3.1 r1770033 
2017/04/05 11:27:41 INFO  - jmeter.JMeter: java.version=1.8.0_121 
2017/04/05 11:27:41 INFO  - jmeter.JMeter: java.vm.name=OpenJDK 64-Bit Server VM 
2017/04/05 11:27:41 INFO  - jmeter.JMeter: os.name=Linux 
2017/04/05 11:27:41 INFO  - jmeter.JMeter: os.arch=amd64 
2017/04/05 11:27:41 INFO  - jmeter.JMeter: os.version=3.10.0-514.10.2.el7.x86_64 
2017/04/05 11:27:41 INFO  - jmeter.JMeter: file.encoding=UTF-8 
2017/04/05 11:27:41 INFO  - jmeter.JMeter: Max memory     =518979584 
2017/04/05 11:27:41 INFO  - jmeter.JMeter: Available Processors =1 
2017/04/05 11:27:41 INFO  - jmeter.JMeter: Default Locale=English (United States) 
2017/04/05 11:27:41 INFO  - jmeter.JMeter: JMeter  Locale=English (United States) 
2017/04/05 11:27:41 INFO  - jmeter.JMeter: JMeterHome=/var/lib/apache-jmeter-3.1 
2017/04/05 11:27:41 INFO  - jmeter.JMeter: user.dir  =/ 
2017/04/05 11:27:41 INFO  - jmeter.JMeter: PWD       =/ 
2017/04/05 11:27:41 INFO  - jmeter.JMeter: IP: 172.19.0.2 Name: 20deee6f1d7e FullName: 20deee6f1d7e 
2017/04/05 11:27:41 DEBUG - jmeter.JMeter: ClassPath 
2017/04/05 11:27:41 DEBUG - jmeter.JMeter: /var/lib/apache-jmeter-3.1/bin/ApacheJMeter.jar 
2017/04/05 11:27:41 DEBUG - jmeter.JMeter: /var/lib/apache-jmeter-3.1/lib/ApacheJMeter_slf4j_logkit.jar 
2017/04/05 11:27:41 DEBUG - jmeter.JMeter: /var/lib/apache-jmeter-3.1/lib/accessors-smart-1.1.jar 
2017/04/05 11:27:41 DEBUG - jmeter.JMeter: /var/lib/apache-jmeter-3.1/lib/asm-5.1.jar 
2017/04/05 11:27:41 DEBUG - jmeter.JMeter: /var/lib/apache-jmeter-3.1/lib/avalon-framework-4.1.4.jar 
2017/04/05 11:27:41 DEBUG - jmeter.JMeter: /var/lib/apache-jmeter-3.1/lib/bsf-2.4.0.jar 
2017/04/05 11:27:41 DEBUG - jmeter.JMeter: /var/lib/apache-jmeter-3.1/lib/bsh-2.0b5.jar 
2017/04/05 11:27:41 DEBUG - jmeter.JMeter: /var/lib/apache-jmeter-3.1/lib/bshclient.jar 
2017/04/05 11:27:41 DEBUG - jmeter.JMeter: /var/lib/apache-jmeter-3.1/lib/commons-beanutils-1.8.3.jar 
2017/04/05 11:27:41 DEBUG - jmeter.JMeter: /var/lib/apache-jmeter-3.1/lib/commons-codec-1.10.jar 
2017/04/05 11:27:41 DEBUG - jmeter.JMeter: /var/lib/apache-jmeter-3.1/lib/commons-collections-3.2.2.jar 
2017/04/05 11:27:41 DEBUG - jmeter.JMeter: /var/lib/apache-jmeter-3.1/lib/commons-dbcp2-2.1.1.jar 
2017/04/05 11:27:41 DEBUG - jmeter.JMeter: /var/lib/apache-jmeter-3.1/lib/commons-httpclient-3.1.jar 
2017/04/05 11:27:41 DEBUG - jmeter.JMeter: /var/lib/apache-jmeter-3.1/lib/commons-io-2.5.jar 
2017/04/05 11:27:41 DEBUG - jmeter.JMeter: /var/lib/apache-jmeter-3.1/lib/commons-jexl-2.1.1.jar 
2017/04/05 11:27:41 DEBUG - jmeter.JMeter: /var/lib/apache-jmeter-3.1/lib/commons-jexl3-3.0.jar 
2017/04/05 11:27:41 DEBUG - jmeter.JMeter: /var/lib/apache-jmeter-3.1/lib/commons-lang-2.6.jar 
2017/04/05 11:27:41 DEBUG - jmeter.JMeter: /var/lib/apache-jmeter-3.1/lib/commons-lang3-3.5.jar 
2017/04/05 11:27:41 DEBUG - jmeter.JMeter: /var/lib/apache-jmeter-3.1/lib/commons-logging-1.2.jar 
2017/04/05 11:27:41 DEBUG - jmeter.JMeter: /var/lib/apache-jmeter-3.1/lib/commons-math3-3.6.1.jar 
2017/04/05 11:27:41 DEBUG - jmeter.JMeter: /var/lib/apache-jmeter-3.1/lib/commons-net-3.5.jar 
2017/04/05 11:27:41 DEBUG - jmeter.JMeter: /var/lib/apache-jmeter-3.1/lib/commons-pool-1.6.jar 
2017/04/05 11:27:41 DEBUG - jmeter.JMeter: /var/lib/apache-jmeter-3.1/lib/commons-pool2-2.4.2.jar 
2017/04/05 11:27:41 DEBUG - jmeter.JMeter: /var/lib/apache-jmeter-3.1/lib/dnsjava-2.1.7.jar 
2017/04/05 11:27:41 DEBUG - jmeter.JMeter: /var/lib/apache-jmeter-3.1/lib/excalibur-logger-1.1.jar 
2017/04/05 11:27:41 DEBUG - jmeter.JMeter: /var/lib/apache-jmeter-3.1/lib/ezmorph-1.0.6.jar 
2017/04/05 11:27:41 DEBUG - jmeter.JMeter: /var/lib/apache-jmeter-3.1/lib/freemarker-2.3.23.jar 
2017/04/05 11:27:41 DEBUG - jmeter.JMeter: /var/lib/apache-jmeter-3.1/lib/geronimo-jms_1.1_spec-1.1.1.jar 
2017/04/05 11:27:41 DEBUG - jmeter.JMeter: /var/lib/apache-jmeter-3.1/lib/groovy-all-2.4.7.jar 
2017/04/05 11:27:41 DEBUG - jmeter.JMeter: /var/lib/apache-jmeter-3.1/lib/hamcrest-core-1.3.jar 
2017/04/05 11:27:41 DEBUG - jmeter.JMeter: /var/lib/apache-jmeter-3.1/lib/httpclient-4.5.2.jar 
2017/04/05 11:27:41 DEBUG - jmeter.JMeter: /var/lib/apache-jmeter-3.1/lib/httpcore-4.4.5.jar 
2017/04/05 11:27:41 DEBUG - jmeter.JMeter: /var/lib/apache-jmeter-3.1/lib/httpmime-4.5.2.jar 
2017/04/05 11:27:41 DEBUG - jmeter.JMeter: /var/lib/apache-jmeter-3.1/lib/jcharts-0.7.5.jar 
2017/04/05 11:27:41 DEBUG - jmeter.JMeter: /var/lib/apache-jmeter-3.1/lib/jedis-2.2.1.jar 
2017/04/05 11:27:41 DEBUG - jmeter.JMeter: /var/lib/apache-jmeter-3.1/lib/jodd-core-3.7.1.jar 
2017/04/05 11:27:41 DEBUG - jmeter.JMeter: /var/lib/apache-jmeter-3.1/lib/jodd-lagarto-3.7.1.jar 
2017/04/05 11:27:41 DEBUG - jmeter.JMeter: /var/lib/apache-jmeter-3.1/lib/jodd-log-3.7.1.jar 
2017/04/05 11:27:41 DEBUG - jmeter.JMeter: /var/lib/apache-jmeter-3.1/lib/jodd-props-3.7.1.jar 
2017/04/05 11:27:41 DEBUG - jmeter.JMeter: /var/lib/apache-jmeter-3.1/lib/jorphan.jar 
2017/04/05 11:27:41 DEBUG - jmeter.JMeter: /var/lib/apache-jmeter-3.1/lib/json-lib-2.4-jdk15.jar 
2017/04/05 11:27:41 DEBUG - jmeter.JMeter: /var/lib/apache-jmeter-3.1/lib/json-path-0.9.0.jar 
2017/04/05 11:27:41 DEBUG - jmeter.JMeter: /var/lib/apache-jmeter-3.1/lib/json-path-2.2.0.jar 
2017/04/05 11:27:41 DEBUG - jmeter.JMeter: /var/lib/apache-jmeter-3.1/lib/json-smart-1.2.jar 
2017/04/05 11:27:41 DEBUG - jmeter.JMeter: /var/lib/apache-jmeter-3.1/lib/json-smart-2.2.1.jar 
2017/04/05 11:27:41 DEBUG - jmeter.JMeter: /var/lib/apache-jmeter-3.1/lib/jsoup-1.10.1.jar 
2017/04/05 11:27:41 DEBUG - jmeter.JMeter: /var/lib/apache-jmeter-3.1/lib/jtidy-r938.jar 
2017/04/05 11:27:41 DEBUG - jmeter.JMeter: /var/lib/apache-jmeter-3.1/lib/junit-4.12.jar 
2017/04/05 11:27:41 DEBUG - jmeter.JMeter: /var/lib/apache-jmeter-3.1/lib/logkit-2.0.jar 
2017/04/05 11:27:41 DEBUG - jmeter.JMeter: /var/lib/apache-jmeter-3.1/lib/mail-1.5.0-b01.jar 
2017/04/05 11:27:41 DEBUG - jmeter.JMeter: /var/lib/apache-jmeter-3.1/lib/mongo-java-driver-2.11.3.jar 
2017/04/05 11:27:41 DEBUG - jmeter.JMeter: /var/lib/apache-jmeter-3.1/lib/oro-2.0.8.jar 
2017/04/05 11:27:41 DEBUG - jmeter.JMeter: /var/lib/apache-jmeter-3.1/lib/ph-commons-6.2.4.jar 
2017/04/05 11:27:41 DEBUG - jmeter.JMeter: /var/lib/apache-jmeter-3.1/lib/ph-css-4.1.6.jar 
2017/04/05 11:27:41 DEBUG - jmeter.JMeter: /var/lib/apache-jmeter-3.1/lib/qpid-client-0.20.jar 
2017/04/05 11:27:41 DEBUG - jmeter.JMeter: /var/lib/apache-jmeter-3.1/lib/qpid-common-0.20.jar 
2017/04/05 11:27:41 DEBUG - jmeter.JMeter: /var/lib/apache-jmeter-3.1/lib/rhino-1.7.7.1.jar 
2017/04/05 11:27:41 DEBUG - jmeter.JMeter: /var/lib/apache-jmeter-3.1/lib/rsyntaxtextarea-2.6.0.jar 
2017/04/05 11:27:41 DEBUG - jmeter.JMeter: /var/lib/apache-jmeter-3.1/lib/serializer-2.7.2.jar 
2017/04/05 11:27:41 DEBUG - jmeter.JMeter: /var/lib/apache-jmeter-3.1/lib/slf4j-api-1.7.21.jar 
2017/04/05 11:27:41 DEBUG - jmeter.JMeter: /var/lib/apache-jmeter-3.1/lib/spring-core-2.5.6.jar 
2017/04/05 11:27:41 DEBUG - jmeter.JMeter: /var/lib/apache-jmeter-3.1/lib/spring-jms-2.5.6.jar 
2017/04/05 11:27:41 DEBUG - jmeter.JMeter: /var/lib/apache-jmeter-3.1/lib/tika-core-1.14.jar 
2017/04/05 11:27:41 DEBUG - jmeter.JMeter: /var/lib/apache-jmeter-3.1/lib/tika-parsers-1.14.jar 
2017/04/05 11:27:41 DEBUG - jmeter.JMeter: /var/lib/apache-jmeter-3.1/lib/xalan-2.7.2.jar 
2017/04/05 11:27:41 DEBUG - jmeter.JMeter: /var/lib/apache-jmeter-3.1/lib/xercesImpl-2.11.0.jar 
2017/04/05 11:27:41 DEBUG - jmeter.JMeter: /var/lib/apache-jmeter-3.1/lib/xml-apis-1.4.01.jar 
2017/04/05 11:27:41 DEBUG - jmeter.JMeter: /var/lib/apache-jmeter-3.1/lib/xmlgraphics-commons-2.1.jar 
2017/04/05 11:27:41 DEBUG - jmeter.JMeter: /var/lib/apache-jmeter-3.1/lib/xmlpull-1.1.3.1.jar 
2017/04/05 11:27:41 DEBUG - jmeter.JMeter: /var/lib/apache-jmeter-3.1/lib/xom-1.2.10.jar 
2017/04/05 11:27:41 DEBUG - jmeter.JMeter: /var/lib/apache-jmeter-3.1/lib/xpp3_min-1.1.4c.jar 
2017/04/05 11:27:41 DEBUG - jmeter.JMeter: /var/lib/apache-jmeter-3.1/lib/xstream-1.4.9.jar 
2017/04/05 11:27:41 DEBUG - jmeter.JMeter: /var/lib/apache-jmeter-3.1/lib/ext/ApacheJMeter_components.jar 
2017/04/05 11:27:41 DEBUG - jmeter.JMeter: /var/lib/apache-jmeter-3.1/lib/ext/ApacheJMeter_core.jar 
2017/04/05 11:27:41 DEBUG - jmeter.JMeter: /var/lib/apache-jmeter-3.1/lib/ext/ApacheJMeter_ftp.jar 
2017/04/05 11:27:41 DEBUG - jmeter.JMeter: /var/lib/apache-jmeter-3.1/lib/ext/ApacheJMeter_functions.jar 
2017/04/05 11:27:41 DEBUG - jmeter.JMeter: /var/lib/apache-jmeter-3.1/lib/ext/ApacheJMeter_http.jar 
2017/04/05 11:27:41 DEBUG - jmeter.JMeter: /var/lib/apache-jmeter-3.1/lib/ext/ApacheJMeter_java.jar 
2017/04/05 11:27:41 DEBUG - jmeter.JMeter: /var/lib/apache-jmeter-3.1/lib/ext/ApacheJMeter_jdbc.jar 
2017/04/05 11:27:41 DEBUG - jmeter.JMeter: /var/lib/apache-jmeter-3.1/lib/ext/ApacheJMeter_jms.jar 
2017/04/05 11:27:41 DEBUG - jmeter.JMeter: /var/lib/apache-jmeter-3.1/lib/ext/ApacheJMeter_junit.jar 
2017/04/05 11:27:41 DEBUG - jmeter.JMeter: /var/lib/apache-jmeter-3.1/lib/ext/ApacheJMeter_ldap.jar 
2017/04/05 11:27:41 DEBUG - jmeter.JMeter: /var/lib/apache-jmeter-3.1/lib/ext/ApacheJMeter_mail.jar 
2017/04/05 11:27:41 DEBUG - jmeter.JMeter: /var/lib/apache-jmeter-3.1/lib/ext/ApacheJMeter_mongodb.jar 
2017/04/05 11:27:41 DEBUG - jmeter.JMeter: /var/lib/apache-jmeter-3.1/lib/ext/ApacheJMeter_monitors.jar 
2017/04/05 11:27:41 DEBUG - jmeter.JMeter: /var/lib/apache-jmeter-3.1/lib/ext/ApacheJMeter_native.jar 
2017/04/05 11:27:41 DEBUG - jmeter.JMeter: /var/lib/apache-jmeter-3.1/lib/ext/ApacheJMeter_tcp.jar 
2017/04/05 11:27:41 DEBUG - jmeter.JMeter: /var/lib/apache-jmeter-3.1/lib/ext/CMDRunner.jar 
2017/04/05 11:27:41 DEBUG - jmeter.JMeter: /var/lib/apache-jmeter-3.1/lib/ext/JMeterPlugins-Extras.jar 
2017/04/05 11:27:41 DEBUG - jmeter.JMeter: /var/lib/apache-jmeter-3.1/lib/ext/JMeterPlugins-ExtrasLibs.jar 
2017/04/05 11:27:41 DEBUG - jmeter.JMeter: /var/lib/apache-jmeter-3.1/lib/ext/JMeterPlugins-Standard.jar 
2017/04/05 11:27:41 DEBUG - jmeter.JMeter: /var/lib/apache-jmeter-3.1/lib/junit/test.jar 
2017/04/05 11:27:41 INFO  - jmeter.services.FileServer: Default base='/' 
2017/04/05 11:27:41 INFO  - jmeter.services.FileServer: Set new base='/scripts' 
2017/04/05 11:27:42 INFO  - jmeter.save.SaveService: Testplan (JMX) version: 2.2. Testlog (JTL) version: 2.2 
2017/04/05 11:27:42 INFO  - jmeter.save.SaveService: Using SaveService properties file encoding UTF-8 
2017/04/05 11:27:42 INFO  - jmeter.save.SaveService: Using SaveService properties version 3.1 
2017/04/05 11:27:42 INFO  - jmeter.save.SaveService: All converter versions present and correct 
2017/04/05 11:27:42 INFO  - jmeter.save.SaveService: Loading file: scripts/docker-test1.jmx 
2017/04/05 11:27:42 ERROR - jmeter.protocol.http.sampler.HTTPSamplerBase: Cannot find .className property for htmlParser, ensure you set property:'htmlParser.className' 
2017/04/05 11:27:42 INFO  - jmeter.protocol.http.sampler.HTTPSamplerBase: Parser for text/vnd.wap.wml is org.apache.jmeter.protocol.http.parser.RegexpHTMLParser 
2017/04/05 11:27:42 INFO  - jmeter.engine.DistributedRunner: Configuring remote engine: 172.19.0.4 
2017/04/05 11:27:42 INFO  - jmeter.engine.DistributedRunner: Configuring remote engine: 172.19.0.3 
2017/04/05 11:27:42 INFO  - jmeter.engine.DistributedRunner: Configuring remote engine: 172.19.0.5 
2017/04/05 11:27:42 INFO  - jmeter.engine.DistributedRunner: Configuring remote engine: 172.19.0.6 
2017/04/05 11:27:42 INFO  - jmeter.engine.DistributedRunner: Starting remote engines 
2017/04/05 11:27:42 INFO  - jmeter.engine.DistributedRunner: Starting the test @ Wed Apr 05 11:27:42 GMT 2017 (1491391662545) 
2017/04/05 11:27:42 INFO  - jmeter.engine.ClientJMeterEngine: running clientengine run method 
2017/04/05 11:27:42 INFO  - jmeter.engine.util.CompoundVariable: Note: Function class names must contain the string: '.functions.' 
2017/04/05 11:27:42 INFO  - jmeter.engine.util.CompoundVariable: Note: Function class names must not contain the string: '.gui.' 
2017/04/05 11:27:42 DEBUG - jmeter.functions.StringFromFile: ++++++++ Construct org.apache.jmeter.functions.StringFromFile@6a192cfe 
2017/04/05 11:27:42 DEBUG - jmeter.engine.util.CompoundVariable: Function count: 57 
2017/04/05 11:27:42 DEBUG - jmeter.engine.util.ValueReplacer: About to replace in property of type: class org.apache.jmeter.testelement.property.BooleanProperty: false 
2017/04/05 11:27:42 DEBUG - jmeter.engine.util.ValueReplacer: Won't replace false 
2017/04/05 11:27:42 DEBUG - jmeter.engine.util.ValueReplacer: About to replace in property of type: class org.apache.jmeter.testelement.property.ObjectProperty: org.apache.jmeter.samplers.SampleSaveConfiguration@b7470c4d 
2017/04/05 11:27:42 DEBUG - jmeter.engine.util.ValueReplacer: Won't replace org.apache.jmeter.samplers.SampleSaveConfiguration@b7470c4d 
2017/04/05 11:27:42 DEBUG - jmeter.engine.util.ValueReplacer: About to replace in property of type: class org.apache.jmeter.testelement.property.StringProperty: org.apache.jmeter.visualizers.SummaryReport 
2017/04/05 11:27:42 DEBUG - jmeter.engine.util.ValueReplacer: About to replace in property of type: class org.apache.jmeter.testelement.property.StringProperty: org.apache.jmeter.reporters.ResultCollector 
2017/04/05 11:27:42 DEBUG - jmeter.engine.util.ValueReplacer: About to replace in property of type: class org.apache.jmeter.testelement.property.StringProperty: Summary Report 
2017/04/05 11:27:42 DEBUG - jmeter.engine.util.ValueReplacer: Replacement result: Summary Report 
2017/04/05 11:27:42 DEBUG - jmeter.engine.util.ValueReplacer: About to replace in property of type: class org.apache.jmeter.testelement.property.BooleanProperty: true 
2017/04/05 11:27:42 DEBUG - jmeter.engine.util.ValueReplacer: Won't replace true 
2017/04/05 11:27:42 DEBUG - jmeter.engine.util.ValueReplacer: About to replace in property of type: class org.apache.jmeter.testelement.property.StringProperty:  
2017/04/05 11:27:42 DEBUG - jmeter.engine.util.ValueReplacer: Replacement result:  
2017/04/05 11:27:42 DEBUG - jmeter.engine.util.ValueReplacer: About to replace in property of type: class org.apache.jmeter.testelement.property.BooleanProperty: false 
2017/04/05 11:27:42 DEBUG - jmeter.engine.util.ValueReplacer: Won't replace false 
2017/04/05 11:27:42 DEBUG - jmeter.engine.util.ValueReplacer: About to replace in property of type: class org.apache.jmeter.testelement.property.ObjectProperty: org.apache.jmeter.samplers.SampleSaveConfiguration@b7470c4d 
2017/04/05 11:27:42 DEBUG - jmeter.engine.util.ValueReplacer: Won't replace org.apache.jmeter.samplers.SampleSaveConfiguration@b7470c4d 
2017/04/05 11:27:42 DEBUG - jmeter.engine.util.ValueReplacer: About to replace in property of type: class org.apache.jmeter.testelement.property.StringProperty: org.apache.jmeter.visualizers.ViewResultsFullVisualizer 
2017/04/05 11:27:42 DEBUG - jmeter.engine.util.ValueReplacer: About to replace in property of type: class org.apache.jmeter.testelement.property.StringProperty: org.apache.jmeter.reporters.ResultCollector 
2017/04/05 11:27:42 DEBUG - jmeter.engine.util.ValueReplacer: About to replace in property of type: class org.apache.jmeter.testelement.property.StringProperty: View Results Tree 
2017/04/05 11:27:42 DEBUG - jmeter.engine.util.ValueReplacer: Replacement result: View Results Tree 
2017/04/05 11:27:42 DEBUG - jmeter.engine.util.ValueReplacer: About to replace in property of type: class org.apache.jmeter.testelement.property.BooleanProperty: true 
2017/04/05 11:27:42 DEBUG - jmeter.engine.util.ValueReplacer: Won't replace true 
2017/04/05 11:27:42 DEBUG - jmeter.engine.util.ValueReplacer: About to replace in property of type: class org.apache.jmeter.testelement.property.StringProperty:  
2017/04/05 11:27:42 DEBUG - jmeter.engine.util.ValueReplacer: Replacement result:  
2017/04/05 11:27:42 DEBUG - jmeter.engine.util.ValueReplacer: About to replace in property of type: class org.apache.jmeter.testelement.property.BooleanProperty: false 
2017/04/05 11:27:42 DEBUG - jmeter.engine.util.ValueReplacer: Won't replace false 
2017/04/05 11:27:42 DEBUG - jmeter.engine.util.ValueReplacer: About to replace in property of type: class org.apache.jmeter.testelement.property.ObjectProperty: org.apache.jmeter.samplers.SampleSaveConfiguration@b7470c4d 
2017/04/05 11:27:42 DEBUG - jmeter.engine.util.ValueReplacer: Won't replace org.apache.jmeter.samplers.SampleSaveConfiguration@b7470c4d 
2017/04/05 11:27:42 DEBUG - jmeter.engine.util.ValueReplacer: About to replace in property of type: class org.apache.jmeter.testelement.property.StringProperty: org.apache.jmeter.visualizers.TableVisualizer 
2017/04/05 11:27:42 DEBUG - jmeter.engine.util.ValueReplacer: About to replace in property of type: class org.apache.jmeter.testelement.property.StringProperty: org.apache.jmeter.reporters.ResultCollector 
2017/04/05 11:27:42 DEBUG - jmeter.engine.util.ValueReplacer: About to replace in property of type: class org.apache.jmeter.testelement.property.StringProperty: View Results in Table 
2017/04/05 11:27:42 DEBUG - jmeter.engine.util.ValueReplacer: Replacement result: View Results in Table 
2017/04/05 11:27:42 DEBUG - jmeter.engine.util.ValueReplacer: About to replace in property of type: class org.apache.jmeter.testelement.property.BooleanProperty: true 
2017/04/05 11:27:42 DEBUG - jmeter.engine.util.ValueReplacer: Won't replace true 
2017/04/05 11:27:42 DEBUG - jmeter.engine.util.ValueReplacer: About to replace in property of type: class org.apache.jmeter.testelement.property.StringProperty:  
2017/04/05 11:27:42 DEBUG - jmeter.engine.util.ValueReplacer: Replacement result:  
2017/04/05 11:27:42 DEBUG - jmeter.engine.ConvertListeners: num threads = 100 
2017/04/05 11:27:43 INFO  - jmeter.samplers.SampleEvent: List of sample_variables: [] 
2017/04/05 11:27:43 INFO  - jmeter.samplers.BatchSampleSender: Using batching (client settings) for this run. Thresholds: num=100, time=60000 
2017/04/05 11:27:43 INFO  - jmeter.samplers.DataStrippingSampleSender: Using DataStrippingSampleSender for this run 
2017/04/05 11:27:43 INFO  - jmeter.samplers.BatchSampleSender: Using batching (client settings) for this run. Thresholds: num=100, time=60000 
2017/04/05 11:27:43 INFO  - jmeter.samplers.DataStrippingSampleSender: Using DataStrippingSampleSender for this run 
2017/04/05 11:27:43 INFO  - jmeter.samplers.BatchSampleSender: Using batching (client settings) for this run. Thresholds: num=100, time=60000 
2017/04/05 11:27:43 INFO  - jmeter.samplers.DataStrippingSampleSender: Using DataStrippingSampleSender for this run 
2017/04/05 11:27:44 INFO  - jmeter.engine.ClientJMeterEngine: sent test to 172.19.0.4 basedir='scripts' 
2017/04/05 11:27:44 INFO  - jmeter.engine.ClientJMeterEngine: Sending properties {} 
2017/04/05 11:27:44 INFO  - jmeter.engine.ClientJMeterEngine: sent run command to 172.19.0.4 
2017/04/05 11:27:44 INFO  - jmeter.engine.ClientJMeterEngine: running clientengine run method 
2017/04/05 11:27:44 DEBUG - jmeter.engine.util.ValueReplacer: About to replace in property of type: class org.apache.jmeter.testelement.property.BooleanProperty: false 
2017/04/05 11:27:44 DEBUG - jmeter.engine.util.ValueReplacer: Won't replace false 
2017/04/05 11:27:44 DEBUG - jmeter.engine.util.ValueReplacer: About to replace in property of type: class org.apache.jmeter.testelement.property.ObjectProperty: org.apache.jmeter.samplers.SampleSaveConfiguration@b7470c4d 
2017/04/05 11:27:44 DEBUG - jmeter.engine.util.ValueReplacer: Won't replace org.apache.jmeter.samplers.SampleSaveConfiguration@b7470c4d 
2017/04/05 11:27:44 DEBUG - jmeter.engine.util.ValueReplacer: About to replace in property of type: class org.apache.jmeter.testelement.property.StringProperty: org.apache.jmeter.visualizers.SummaryReport 
2017/04/05 11:27:44 DEBUG - jmeter.engine.util.ValueReplacer: About to replace in property of type: class org.apache.jmeter.testelement.property.StringProperty: org.apache.jmeter.reporters.ResultCollector 
2017/04/05 11:27:44 DEBUG - jmeter.engine.util.ValueReplacer: About to replace in property of type: class org.apache.jmeter.testelement.property.StringProperty: Summary Report 
2017/04/05 11:27:44 DEBUG - jmeter.engine.util.ValueReplacer: Replacement result: Summary Report 
2017/04/05 11:27:44 DEBUG - jmeter.engine.util.ValueReplacer: About to replace in property of type: class org.apache.jmeter.testelement.property.BooleanProperty: true 
2017/04/05 11:27:44 DEBUG - jmeter.engine.util.ValueReplacer: Won't replace true 
2017/04/05 11:27:44 DEBUG - jmeter.engine.util.ValueReplacer: About to replace in property of type: class org.apache.jmeter.testelement.property.StringProperty:  
2017/04/05 11:27:44 DEBUG - jmeter.engine.util.ValueReplacer: Replacement result:  
2017/04/05 11:27:44 DEBUG - jmeter.engine.util.ValueReplacer: About to replace in property of type: class org.apache.jmeter.testelement.property.BooleanProperty: false 
2017/04/05 11:27:44 DEBUG - jmeter.engine.util.ValueReplacer: Won't replace false 
2017/04/05 11:27:44 DEBUG - jmeter.engine.util.ValueReplacer: About to replace in property of type: class org.apache.jmeter.testelement.property.ObjectProperty: org.apache.jmeter.samplers.SampleSaveConfiguration@b7470c4d 
2017/04/05 11:27:44 DEBUG - jmeter.engine.util.ValueReplacer: Won't replace org.apache.jmeter.samplers.SampleSaveConfiguration@b7470c4d 
2017/04/05 11:27:44 DEBUG - jmeter.engine.util.ValueReplacer: About to replace in property of type: class org.apache.jmeter.testelement.property.StringProperty: org.apache.jmeter.visualizers.ViewResultsFullVisualizer 
2017/04/05 11:27:44 DEBUG - jmeter.engine.util.ValueReplacer: About to replace in property of type: class org.apache.jmeter.testelement.property.StringProperty: org.apache.jmeter.reporters.ResultCollector 
2017/04/05 11:27:44 DEBUG - jmeter.engine.util.ValueReplacer: About to replace in property of type: class org.apache.jmeter.testelement.property.StringProperty: View Results Tree 
2017/04/05 11:27:44 DEBUG - jmeter.engine.util.ValueReplacer: Replacement result: View Results Tree 
2017/04/05 11:27:44 DEBUG - jmeter.engine.util.ValueReplacer: About to replace in property of type: class org.apache.jmeter.testelement.property.BooleanProperty: true 
2017/04/05 11:27:44 DEBUG - jmeter.engine.util.ValueReplacer: Won't replace true 
2017/04/05 11:27:44 DEBUG - jmeter.engine.util.ValueReplacer: About to replace in property of type: class org.apache.jmeter.testelement.property.StringProperty:  
2017/04/05 11:27:44 DEBUG - jmeter.engine.util.ValueReplacer: Replacement result:  
2017/04/05 11:27:44 DEBUG - jmeter.engine.util.ValueReplacer: About to replace in property of type: class org.apache.jmeter.testelement.property.BooleanProperty: false 
2017/04/05 11:27:44 DEBUG - jmeter.engine.util.ValueReplacer: Won't replace false 
2017/04/05 11:27:44 DEBUG - jmeter.engine.util.ValueReplacer: About to replace in property of type: class org.apache.jmeter.testelement.property.ObjectProperty: org.apache.jmeter.samplers.SampleSaveConfiguration@b7470c4d 
2017/04/05 11:27:44 DEBUG - jmeter.engine.util.ValueReplacer: Won't replace org.apache.jmeter.samplers.SampleSaveConfiguration@b7470c4d 
2017/04/05 11:27:44 DEBUG - jmeter.engine.util.ValueReplacer: About to replace in property of type: class org.apache.jmeter.testelement.property.StringProperty: org.apache.jmeter.visualizers.TableVisualizer 
2017/04/05 11:27:44 DEBUG - jmeter.engine.util.ValueReplacer: About to replace in property of type: class org.apache.jmeter.testelement.property.StringProperty: org.apache.jmeter.reporters.ResultCollector 
2017/04/05 11:27:44 DEBUG - jmeter.engine.util.ValueReplacer: About to replace in property of type: class org.apache.jmeter.testelement.property.StringProperty: View Results in Table 
2017/04/05 11:27:44 DEBUG - jmeter.engine.util.ValueReplacer: Replacement result: View Results in Table 
2017/04/05 11:27:44 DEBUG - jmeter.engine.util.ValueReplacer: About to replace in property of type: class org.apache.jmeter.testelement.property.BooleanProperty: true 
2017/04/05 11:27:44 DEBUG - jmeter.engine.util.ValueReplacer: Won't replace true 
2017/04/05 11:27:44 DEBUG - jmeter.engine.util.ValueReplacer: About to replace in property of type: class org.apache.jmeter.testelement.property.StringProperty:  
2017/04/05 11:27:44 DEBUG - jmeter.engine.util.ValueReplacer: Replacement result:  
2017/04/05 11:27:44 DEBUG - jmeter.engine.ConvertListeners: num threads = 100 
2017/04/05 11:27:44 INFO  - jmeter.samplers.BatchSampleSender: Using batching (client settings) for this run. Thresholds: num=100, time=60000 
2017/04/05 11:27:44 INFO  - jmeter.samplers.DataStrippingSampleSender: Using DataStrippingSampleSender for this run 
2017/04/05 11:27:44 INFO  - jmeter.samplers.BatchSampleSender: Using batching (client settings) for this run. Thresholds: num=100, time=60000 
2017/04/05 11:27:44 INFO  - jmeter.samplers.DataStrippingSampleSender: Using DataStrippingSampleSender for this run 
2017/04/05 11:27:44 INFO  - jmeter.samplers.BatchSampleSender: Using batching (client settings) for this run. Thresholds: num=100, time=60000 
2017/04/05 11:27:44 INFO  - jmeter.samplers.DataStrippingSampleSender: Using DataStrippingSampleSender for this run 
2017/04/05 11:27:44 INFO  - jmeter.JMeter: Started remote host:  172.19.0.4 (1491391664562) 
2017/04/05 11:27:44 INFO  - jmeter.engine.ClientJMeterEngine: sent test to 172.19.0.5 basedir='scripts' 
2017/04/05 11:27:44 INFO  - jmeter.engine.ClientJMeterEngine: Sending properties {} 
2017/04/05 11:27:44 INFO  - jmeter.engine.ClientJMeterEngine: sent run command to 172.19.0.5 
2017/04/05 11:27:44 INFO  - jmeter.engine.ClientJMeterEngine: running clientengine run method 
2017/04/05 11:27:44 DEBUG - jmeter.engine.util.ValueReplacer: About to replace in property of type: class org.apache.jmeter.testelement.property.BooleanProperty: false 
2017/04/05 11:27:44 DEBUG - jmeter.engine.util.ValueReplacer: Won't replace false 
2017/04/05 11:27:44 DEBUG - jmeter.engine.util.ValueReplacer: About to replace in property of type: class org.apache.jmeter.testelement.property.ObjectProperty: org.apache.jmeter.samplers.SampleSaveConfiguration@b7470c4d 
2017/04/05 11:27:44 DEBUG - jmeter.engine.util.ValueReplacer: Won't replace org.apache.jmeter.samplers.SampleSaveConfiguration@b7470c4d 
2017/04/05 11:27:44 DEBUG - jmeter.engine.util.ValueReplacer: About to replace in property of type: class org.apache.jmeter.testelement.property.StringProperty: org.apache.jmeter.visualizers.SummaryReport 
2017/04/05 11:27:44 DEBUG - jmeter.engine.util.ValueReplacer: About to replace in property of type: class org.apache.jmeter.testelement.property.StringProperty: org.apache.jmeter.reporters.ResultCollector 
2017/04/05 11:27:44 DEBUG - jmeter.engine.util.ValueReplacer: About to replace in property of type: class org.apache.jmeter.testelement.property.StringProperty: Summary Report 
2017/04/05 11:27:44 DEBUG - jmeter.engine.util.ValueReplacer: Replacement result: Summary Report 
2017/04/05 11:27:44 DEBUG - jmeter.engine.util.ValueReplacer: About to replace in property of type: class org.apache.jmeter.testelement.property.BooleanProperty: true 
2017/04/05 11:27:44 DEBUG - jmeter.engine.util.ValueReplacer: Won't replace true 
2017/04/05 11:27:44 DEBUG - jmeter.engine.util.ValueReplacer: About to replace in property of type: class org.apache.jmeter.testelement.property.StringProperty:  
2017/04/05 11:27:44 DEBUG - jmeter.engine.util.ValueReplacer: Replacement result:  
2017/04/05 11:27:44 DEBUG - jmeter.engine.util.ValueReplacer: About to replace in property of type: class org.apache.jmeter.testelement.property.BooleanProperty: false 
2017/04/05 11:27:44 DEBUG - jmeter.engine.util.ValueReplacer: Won't replace false 
2017/04/05 11:27:44 DEBUG - jmeter.engine.util.ValueReplacer: About to replace in property of type: class org.apache.jmeter.testelement.property.ObjectProperty: org.apache.jmeter.samplers.SampleSaveConfiguration@b7470c4d 
2017/04/05 11:27:44 DEBUG - jmeter.engine.util.ValueReplacer: Won't replace org.apache.jmeter.samplers.SampleSaveConfiguration@b7470c4d 
2017/04/05 11:27:44 DEBUG - jmeter.engine.util.ValueReplacer: About to replace in property of type: class org.apache.jmeter.testelement.property.StringProperty: org.apache.jmeter.visualizers.ViewResultsFullVisualizer 
2017/04/05 11:27:44 DEBUG - jmeter.engine.util.ValueReplacer: About to replace in property of type: class org.apache.jmeter.testelement.property.StringProperty: org.apache.jmeter.reporters.ResultCollector 
2017/04/05 11:27:44 DEBUG - jmeter.engine.util.ValueReplacer: About to replace in property of type: class org.apache.jmeter.testelement.property.StringProperty: View Results Tree 
2017/04/05 11:27:44 DEBUG - jmeter.engine.util.ValueReplacer: Replacement result: View Results Tree 
2017/04/05 11:27:44 DEBUG - jmeter.engine.util.ValueReplacer: About to replace in property of type: class org.apache.jmeter.testelement.property.BooleanProperty: true 
2017/04/05 11:27:44 DEBUG - jmeter.engine.util.ValueReplacer: Won't replace true 
2017/04/05 11:27:44 DEBUG - jmeter.engine.util.ValueReplacer: About to replace in property of type: class org.apache.jmeter.testelement.property.StringProperty:  
2017/04/05 11:27:44 DEBUG - jmeter.engine.util.ValueReplacer: Replacement result:  
2017/04/05 11:27:44 DEBUG - jmeter.engine.util.ValueReplacer: About to replace in property of type: class org.apache.jmeter.testelement.property.BooleanProperty: false 
2017/04/05 11:27:44 DEBUG - jmeter.engine.util.ValueReplacer: Won't replace false 
2017/04/05 11:27:44 DEBUG - jmeter.engine.util.ValueReplacer: About to replace in property of type: class org.apache.jmeter.testelement.property.ObjectProperty: org.apache.jmeter.samplers.SampleSaveConfiguration@b7470c4d 
2017/04/05 11:27:44 DEBUG - jmeter.engine.util.ValueReplacer: Won't replace org.apache.jmeter.samplers.SampleSaveConfiguration@b7470c4d 
2017/04/05 11:27:44 DEBUG - jmeter.engine.util.ValueReplacer: About to replace in property of type: class org.apache.jmeter.testelement.property.StringProperty: org.apache.jmeter.visualizers.TableVisualizer 
2017/04/05 11:27:44 DEBUG - jmeter.engine.util.ValueReplacer: About to replace in property of type: class org.apache.jmeter.testelement.property.StringProperty: org.apache.jmeter.reporters.ResultCollector 
2017/04/05 11:27:44 DEBUG - jmeter.engine.util.ValueReplacer: About to replace in property of type: class org.apache.jmeter.testelement.property.StringProperty: View Results in Table 
2017/04/05 11:27:44 DEBUG - jmeter.engine.util.ValueReplacer: Replacement result: View Results in Table 
2017/04/05 11:27:44 DEBUG - jmeter.engine.util.ValueReplacer: About to replace in property of type: class org.apache.jmeter.testelement.property.BooleanProperty: true 
2017/04/05 11:27:44 DEBUG - jmeter.engine.util.ValueReplacer: Won't replace true 
2017/04/05 11:27:44 DEBUG - jmeter.engine.util.ValueReplacer: About to replace in property of type: class org.apache.jmeter.testelement.property.StringProperty:  
2017/04/05 11:27:44 DEBUG - jmeter.engine.util.ValueReplacer: Replacement result:  
2017/04/05 11:27:44 DEBUG - jmeter.engine.ConvertListeners: num threads = 100 
2017/04/05 11:27:44 INFO  - jmeter.samplers.BatchSampleSender: Using batching (client settings) for this run. Thresholds: num=100, time=60000 
2017/04/05 11:27:44 INFO  - jmeter.samplers.DataStrippingSampleSender: Using DataStrippingSampleSender for this run 
2017/04/05 11:27:44 INFO  - jmeter.samplers.BatchSampleSender: Using batching (client settings) for this run. Thresholds: num=100, time=60000 
2017/04/05 11:27:44 INFO  - jmeter.samplers.DataStrippingSampleSender: Using DataStrippingSampleSender for this run 
2017/04/05 11:27:44 INFO  - jmeter.samplers.BatchSampleSender: Using batching (client settings) for this run. Thresholds: num=100, time=60000 
2017/04/05 11:27:44 INFO  - jmeter.samplers.DataStrippingSampleSender: Using DataStrippingSampleSender for this run 
2017/04/05 11:27:45 INFO  - jmeter.JMeter: Started remote host:  172.19.0.5 (1491391665392) 
2017/04/05 11:27:45 INFO  - jmeter.engine.ClientJMeterEngine: sent test to 172.19.0.3 basedir='scripts' 
2017/04/05 11:27:45 INFO  - jmeter.engine.ClientJMeterEngine: Sending properties {} 
2017/04/05 11:27:45 INFO  - jmeter.engine.ClientJMeterEngine: sent run command to 172.19.0.3 
2017/04/05 11:27:45 INFO  - jmeter.engine.ClientJMeterEngine: running clientengine run method 
2017/04/05 11:27:45 DEBUG - jmeter.engine.util.ValueReplacer: About to replace in property of type: class org.apache.jmeter.testelement.property.BooleanProperty: false 
2017/04/05 11:27:45 DEBUG - jmeter.engine.util.ValueReplacer: Won't replace false 
2017/04/05 11:27:45 DEBUG - jmeter.engine.util.ValueReplacer: About to replace in property of type: class org.apache.jmeter.testelement.property.ObjectProperty: org.apache.jmeter.samplers.SampleSaveConfiguration@b7470c4d 
2017/04/05 11:27:45 DEBUG - jmeter.engine.util.ValueReplacer: Won't replace org.apache.jmeter.samplers.SampleSaveConfiguration@b7470c4d 
2017/04/05 11:27:45 DEBUG - jmeter.engine.util.ValueReplacer: About to replace in property of type: class org.apache.jmeter.testelement.property.StringProperty: org.apache.jmeter.visualizers.SummaryReport 
2017/04/05 11:27:45 DEBUG - jmeter.engine.util.ValueReplacer: About to replace in property of type: class org.apache.jmeter.testelement.property.StringProperty: org.apache.jmeter.reporters.ResultCollector 
2017/04/05 11:27:45 DEBUG - jmeter.engine.util.ValueReplacer: About to replace in property of type: class org.apache.jmeter.testelement.property.StringProperty: Summary Report 
2017/04/05 11:27:45 DEBUG - jmeter.engine.util.ValueReplacer: Replacement result: Summary Report 
2017/04/05 11:27:45 DEBUG - jmeter.engine.util.ValueReplacer: About to replace in property of type: class org.apache.jmeter.testelement.property.BooleanProperty: true 
2017/04/05 11:27:45 DEBUG - jmeter.engine.util.ValueReplacer: Won't replace true 
2017/04/05 11:27:45 DEBUG - jmeter.engine.util.ValueReplacer: About to replace in property of type: class org.apache.jmeter.testelement.property.StringProperty:  
2017/04/05 11:27:45 DEBUG - jmeter.engine.util.ValueReplacer: Replacement result:  
2017/04/05 11:27:45 DEBUG - jmeter.engine.util.ValueReplacer: About to replace in property of type: class org.apache.jmeter.testelement.property.BooleanProperty: false 
2017/04/05 11:27:45 DEBUG - jmeter.engine.util.ValueReplacer: Won't replace false 
2017/04/05 11:27:45 DEBUG - jmeter.engine.util.ValueReplacer: About to replace in property of type: class org.apache.jmeter.testelement.property.ObjectProperty: org.apache.jmeter.samplers.SampleSaveConfiguration@b7470c4d 
2017/04/05 11:27:45 DEBUG - jmeter.engine.util.ValueReplacer: Won't replace org.apache.jmeter.samplers.SampleSaveConfiguration@b7470c4d 
2017/04/05 11:27:45 DEBUG - jmeter.engine.util.ValueReplacer: About to replace in property of type: class org.apache.jmeter.testelement.property.StringProperty: org.apache.jmeter.visualizers.ViewResultsFullVisualizer 
2017/04/05 11:27:45 DEBUG - jmeter.engine.util.ValueReplacer: About to replace in property of type: class org.apache.jmeter.testelement.property.StringProperty: org.apache.jmeter.reporters.ResultCollector 
2017/04/05 11:27:45 DEBUG - jmeter.engine.util.ValueReplacer: About to replace in property of type: class org.apache.jmeter.testelement.property.StringProperty: View Results Tree 
2017/04/05 11:27:45 DEBUG - jmeter.engine.util.ValueReplacer: Replacement result: View Results Tree 
2017/04/05 11:27:45 DEBUG - jmeter.engine.util.ValueReplacer: About to replace in property of type: class org.apache.jmeter.testelement.property.BooleanProperty: true 
2017/04/05 11:27:45 DEBUG - jmeter.engine.util.ValueReplacer: Won't replace true 
2017/04/05 11:27:45 DEBUG - jmeter.engine.util.ValueReplacer: About to replace in property of type: class org.apache.jmeter.testelement.property.StringProperty:  
2017/04/05 11:27:45 DEBUG - jmeter.engine.util.ValueReplacer: Replacement result:  
2017/04/05 11:27:45 DEBUG - jmeter.engine.util.ValueReplacer: About to replace in property of type: class org.apache.jmeter.testelement.property.BooleanProperty: false 
2017/04/05 11:27:45 DEBUG - jmeter.engine.util.ValueReplacer: Won't replace false 
2017/04/05 11:27:45 DEBUG - jmeter.engine.util.ValueReplacer: About to replace in property of type: class org.apache.jmeter.testelement.property.ObjectProperty: org.apache.jmeter.samplers.SampleSaveConfiguration@b7470c4d 
2017/04/05 11:27:45 DEBUG - jmeter.engine.util.ValueReplacer: Won't replace org.apache.jmeter.samplers.SampleSaveConfiguration@b7470c4d 
2017/04/05 11:27:45 DEBUG - jmeter.engine.util.ValueReplacer: About to replace in property of type: class org.apache.jmeter.testelement.property.StringProperty: org.apache.jmeter.visualizers.TableVisualizer 
2017/04/05 11:27:45 DEBUG - jmeter.engine.util.ValueReplacer: About to replace in property of type: class org.apache.jmeter.testelement.property.StringProperty: org.apache.jmeter.reporters.ResultCollector 
2017/04/05 11:27:45 DEBUG - jmeter.engine.util.ValueReplacer: About to replace in property of type: class org.apache.jmeter.testelement.property.StringProperty: View Results in Table 
2017/04/05 11:27:45 DEBUG - jmeter.engine.util.ValueReplacer: Replacement result: View Results in Table 
2017/04/05 11:27:45 DEBUG - jmeter.engine.util.ValueReplacer: About to replace in property of type: class org.apache.jmeter.testelement.property.BooleanProperty: true 
2017/04/05 11:27:45 DEBUG - jmeter.engine.util.ValueReplacer: Won't replace true 
2017/04/05 11:27:45 DEBUG - jmeter.engine.util.ValueReplacer: About to replace in property of type: class org.apache.jmeter.testelement.property.StringProperty:  
2017/04/05 11:27:45 DEBUG - jmeter.engine.util.ValueReplacer: Replacement result:  
2017/04/05 11:27:45 DEBUG - jmeter.engine.ConvertListeners: num threads = 100 
2017/04/05 11:27:45 INFO  - jmeter.samplers.BatchSampleSender: Using batching (client settings) for this run. Thresholds: num=100, time=60000 
2017/04/05 11:27:45 INFO  - jmeter.samplers.DataStrippingSampleSender: Using DataStrippingSampleSender for this run 
2017/04/05 11:27:45 INFO  - jmeter.samplers.BatchSampleSender: Using batching (client settings) for this run. Thresholds: num=100, time=60000 
2017/04/05 11:27:45 INFO  - jmeter.samplers.DataStrippingSampleSender: Using DataStrippingSampleSender for this run 
2017/04/05 11:27:45 INFO  - jmeter.samplers.BatchSampleSender: Using batching (client settings) for this run. Thresholds: num=100, time=60000 
2017/04/05 11:27:45 INFO  - jmeter.samplers.DataStrippingSampleSender: Using DataStrippingSampleSender for this run 
2017/04/05 11:27:46 INFO  - jmeter.JMeter: Started remote host:  172.19.0.3 (1491391666372) 
2017/04/05 11:27:46 INFO  - jmeter.engine.ClientJMeterEngine: sent test to 172.19.0.6 basedir='scripts' 
2017/04/05 11:27:46 INFO  - jmeter.engine.ClientJMeterEngine: Sending properties {} 
2017/04/05 11:27:46 INFO  - jmeter.engine.ClientJMeterEngine: sent run command to 172.19.0.6 
2017/04/05 11:27:46 INFO  - jmeter.engine.DistributedRunner: Remote engines have been started 
2017/04/05 11:27:47 INFO  - jmeter.JMeter: Started remote host:  172.19.0.6 (1491391667489) 
2017/04/05 11:27:56 INFO  - jmeter.samplers.SampleResult: Note: Sample TimeStamps are START times 
2017/04/05 11:27:56 INFO  - jmeter.samplers.SampleResult: sampleresult.default.encoding is set to ISO-8859-1 
2017/04/05 11:27:56 INFO  - jmeter.samplers.SampleResult: sampleresult.useNanoTime=true 
2017/04/05 11:27:56 INFO  - jmeter.samplers.SampleResult: sampleresult.nanoThreadSleep=5000 
2017/04/05 11:28:01 INFO  - jmeter.JMeter: Finished remote host: 172.19.0.5 (1491391681245) 
2017/04/05 11:28:01 INFO  - jmeter.JMeter: Finished remote host: 172.19.0.4 (1491391681262) 
2017/04/05 11:28:07 INFO  - jmeter.JMeter: Finished remote host: 172.19.0.6 (1491391687710) 
2017/04/05 11:28:08 INFO  - jmeter.JMeter: Finished remote host: 172.19.0.3 (1491391688908) 
2017/04/05 11:28:14 INFO  - jmeter.JMeter: Interrupting RMI Reaper 
